0 info it worked if it ends with ok
1 verbose cli [ '/usr/local/Cellar/node/4.2.1/bin/node',
1 verbose cli   '/usr/local/bin/npm',
1 verbose cli   'install',
1 verbose cli   'fibers@1.0.1',
1 verbose cli   '-g' ]
2 info using npm@2.14.7
3 info using node@v4.2.1
4 verbose install initial load of /usr/local/lib/package.json
5 verbose readDependencies loading dependencies from /usr/local/lib/package.json
6 silly cache add args [ 'fibers@1.0.1', null ]
7 verbose cache add spec fibers@1.0.1
8 silly cache add parsed spec Result {
8 silly cache add   raw: 'fibers@1.0.1',
8 silly cache add   scope: null,
8 silly cache add   name: 'fibers',
8 silly cache add   rawSpec: '1.0.1',
8 silly cache add   spec: '1.0.1',
8 silly cache add   type: 'version' }
9 silly addNamed fibers@1.0.1
10 verbose addNamed "1.0.1" is a plain semver version for fibers
11 silly mapToRegistry name fibers
12 silly mapToRegistry using default registry
13 silly mapToRegistry registry https://registry.npmjs.org/
14 silly mapToRegistry uri https://registry.npmjs.org/fibers
15 verbose addNameVersion registry:https://registry.npmjs.org/fibers not in flight; fetching
16 verbose request uri https://registry.npmjs.org/fibers
17 verbose request no auth needed
18 info attempt registry request try #1 at 9:13:54 PM
19 verbose request id e4bdcf7904a34ba4
20 verbose etag "78GLX0Y1N2TIPQSHZBSO5OXM1"
21 http request GET https://registry.npmjs.org/fibers
22 http 304 https://registry.npmjs.org/fibers
23 verbose headers { date: 'Sat, 21 Nov 2015 20:13:54 GMT',
23 verbose headers   via: '1.1 varnish',
23 verbose headers   'cache-control': 'max-age=60',
23 verbose headers   etag: '"78GLX0Y1N2TIPQSHZBSO5OXM1"',
23 verbose headers   age: '0',
23 verbose headers   connection: 'keep-alive',
23 verbose headers   'x-served-by': 'cache-ams4126-AMS',
23 verbose headers   'x-cache': 'HIT',
23 verbose headers   'x-cache-hits': '1',
23 verbose headers   'x-timer': 'S1448136834.632636,VS0,VE665',
23 verbose headers   vary: 'Accept' }
24 silly get cb [ 304,
24 silly get   { date: 'Sat, 21 Nov 2015 20:13:54 GMT',
24 silly get     via: '1.1 varnish',
24 silly get     'cache-control': 'max-age=60',
24 silly get     etag: '"78GLX0Y1N2TIPQSHZBSO5OXM1"',
24 silly get     age: '0',
24 silly get     connection: 'keep-alive',
24 silly get     'x-served-by': 'cache-ams4126-AMS',
24 silly get     'x-cache': 'HIT',
24 silly get     'x-cache-hits': '1',
24 silly get     'x-timer': 'S1448136834.632636,VS0,VE665',
24 silly get     vary: 'Accept' } ]
25 verbose etag https://registry.npmjs.org/fibers from cache
26 verbose get saving fibers to /Users/lidofernandezburgos/.npm/registry.npmjs.org/fibers/.cache.json
27 silly mapToRegistry name fibers
28 silly mapToRegistry using default registry
29 silly mapToRegistry registry https://registry.npmjs.org/
30 silly mapToRegistry uri https://registry.npmjs.org/fibers
31 verbose addRemoteTarball https://registry.npmjs.org/fibers/-/fibers-1.0.1.tgz not in flight; adding
32 verbose addRemoteTarball [ 'https://registry.npmjs.org/fibers/-/fibers-1.0.1.tgz',
32 verbose addRemoteTarball   '6c4cb3b3815176fc4aad821df67442d8185d7a66' ]
33 info retry fetch attempt 1 at 9:13:55 PM
34 info attempt registry request try #1 at 9:13:55 PM
35 http fetch GET https://registry.npmjs.org/fibers/-/fibers-1.0.1.tgz
36 http fetch 200 https://registry.npmjs.org/fibers/-/fibers-1.0.1.tgz
37 silly fetchAndShaCheck shasum 6c4cb3b3815176fc4aad821df67442d8185d7a66
38 verbose addTmpTarball /tmp/npm-36850-c4e2b4d9/registry.npmjs.org/fibers/-/fibers-1.0.1.tgz not in flight; adding
39 verbose addTmpTarball already have metadata; skipping unpack for fibers@1.0.1
40 silly cache afterAdd fibers@1.0.1
41 verbose afterAdd /Users/lidofernandezburgos/.npm/fibers/1.0.1/package/package.json not in flight; writing
42 verbose afterAdd /Users/lidofernandezburgos/.npm/fibers/1.0.1/package/package.json written
43 silly install resolved [ { name: 'fibers',
43 silly install resolved     version: '1.0.1',
43 silly install resolved     description: 'Cooperative multi-tasking for Javascript',
43 silly install resolved     keywords:
43 silly install resolved      [ 'fiber',
43 silly install resolved        'fibers',
43 silly install resolved        'coroutine',
43 silly install resolved        'thread',
43 silly install resolved        'async',
43 silly install resolved        'parallel',
43 silly install resolved        'worker',
43 silly install resolved        'future',
43 silly install resolved        'promise' ],
43 silly install resolved     homepage: 'https://github.com/laverdet/node-fibers',
43 silly install resolved     author:
43 silly install resolved      { name: 'Marcel Laverdet',
43 silly install resolved        email: 'marcel@laverdet.com',
43 silly install resolved        url: 'https://github.com/laverdet/' },
43 silly install resolved     main: 'fibers',
43 silly install resolved     scripts: { install: 'node ./build.js', test: 'node ./test.js' },
43 silly install resolved     repository:
43 silly install resolved      { type: 'git',
43 silly install resolved        url: 'git://github.com/laverdet/node-fibers.git' },
43 silly install resolved     engines: { node: '>=0.5.2' },
43 silly install resolved     _id: 'fibers@1.0.1',
43 silly install resolved     dist:
43 silly install resolved      { shasum: '6c4cb3b3815176fc4aad821df67442d8185d7a66',
43 silly install resolved        tarball: 'http://registry.npmjs.org/fibers/-/fibers-1.0.1.tgz' },
43 silly install resolved     _from: 'fibers@1.0.1',
43 silly install resolved     _npmVersion: '1.2.18',
43 silly install resolved     _npmUser: { name: 'laverdet', email: 'marcel.npm@laverdet.com' },
43 silly install resolved     maintainers: [ [Object] ],
43 silly install resolved     directories: {},
43 silly install resolved     _shasum: '6c4cb3b3815176fc4aad821df67442d8185d7a66',
43 silly install resolved     _resolved: 'https://registry.npmjs.org/fibers/-/fibers-1.0.1.tgz' } ]
44 info install fibers@1.0.1 into /usr/local/lib
45 info installOne fibers@1.0.1
46 verbose installOne of fibers to /usr/local/lib not in flight; installing
47 verbose lock using /Users/lidofernandezburgos/.npm/_locks/fibers-fcbbd01f86cc2f9c.lock for /usr/local/lib/node_modules/fibers
48 silly install write writing fibers 1.0.1 to /usr/local/lib/node_modules/fibers
49 verbose unbuild lib/node_modules/fibers
50 silly gentlyRm /usr/local/lib/node_modules/fibers is being purged from base /usr/local
51 verbose gentlyRm don't care about contents; nuking /usr/local/lib/node_modules/fibers
52 verbose tar unpack /Users/lidofernandezburgos/.npm/fibers/1.0.1/package.tgz
53 verbose tar unpacking to /usr/local/lib/node_modules/fibers
54 silly gentlyRm /usr/local/lib/node_modules/fibers is being purged
55 verbose gentlyRm don't care about contents; nuking /usr/local/lib/node_modules/fibers
56 silly gunzTarPerm modes [ '755', '644' ]
57 silly gunzTarPerm extractEntry package.json
58 silly gunzTarPerm extractEntry .npmignore
59 silly gunzTarPerm extractEntry README.md
60 silly gunzTarPerm extractEntry LICENSE
61 silly gunzTarPerm extractEntry fibers.js
62 silly gunzTarPerm extractEntry future.js
63 silly gunzTarPerm extractEntry build.js
64 silly gunzTarPerm extractEntry quick-test.js
65 silly gunzTarPerm extractEntry test.js
66 silly gunzTarPerm extractEntry bin/.npmignore
67 silly gunzTarPerm extractEntry bin/win32-x64-v8-3.6/fibers.node
68 silly gunzTarPerm extractEntry bin/darwin-ia32-v8-3.6/fibers.node
69 silly gunzTarPerm extractEntry bin/darwin-x64-v8-3.11/fibers.node
70 silly gunzTarPerm extractEntry bin/darwin-x64-v8-3.6/fibers.node
71 silly gunzTarPerm extractEntry bin/linux-ia32-v8-3.11/fibers.node
72 silly gunzTarPerm extractEntry bin/linux-ia32-v8-3.14/fibers.node
73 silly gunzTarPerm extractEntry bin/linux-ia32-v8-3.6/fibers.node
74 silly gunzTarPerm extractEntry bin/darwin-ia32-v8-3.11/fibers.node
75 silly gunzTarPerm extractEntry bin/linux-x64-v8-3.14/fibers.node
76 silly gunzTarPerm extractEntry bin/linux-x64-v8-3.6/fibers.node
77 silly gunzTarPerm extractEntry bin/win32-ia32-v8-3.11/fibers.node
78 silly gunzTarPerm extractEntry bin/win32-ia32-v8-3.14/fibers.node
79 silly gunzTarPerm extractEntry bin/win32-ia32-v8-3.6/fibers.node
80 silly gunzTarPerm extractEntry bin/win32-x64-v8-3.11/fibers.node
81 silly gunzTarPerm extractEntry bin/win32-x64-v8-3.14/fibers.node
82 silly gunzTarPerm extractEntry bin/linux-x64-v8-3.11/fibers.node
83 silly gunzTarPerm extractEntry binding.gyp
84 silly gunzTarPerm extractEntry src/coroutine.cc
85 silly gunzTarPerm extractEntry src/coroutine.h
86 silly gunzTarPerm extractEntry src/fibers.cc
87 silly gunzTarPerm extractEntry src/libcoro/README
88 silly gunzTarPerm extractEntry src/libcoro/LICENSE
89 silly gunzTarPerm extractEntry src/libcoro/conftest.c
90 silly gunzTarPerm extractEntry src/libcoro/coro.c
91 silly gunzTarPerm extractEntry src/libcoro/coro.h
92 silly gunzTarPerm extractEntry test/already-running.js
93 silly gunzTarPerm extractEntry test/exit.js
94 silly gunzTarPerm extractEntry test/fibonacci.js
95 silly gunzTarPerm extractEntry test/finish-multiple.js
96 silly gunzTarPerm extractEntry test/exec.js
97 silly gunzTarPerm extractEntry test/future.js
98 silly gunzTarPerm extractEntry test/illegal-yield.js
99 silly gunzTarPerm extractEntry test/pool.js
100 silly gunzTarPerm extractEntry test/process-title.js
101 silly gunzTarPerm extractEntry test/stack-overflow.js
102 silly gunzTarPerm extractEntry test/current.js
103 silly gunzTarPerm extractEntry test/stack-overflow2.js
104 silly gunzTarPerm extractEntry test/child-process.js
105 silly gunzTarPerm extractEntry test/started.js
106 silly gunzTarPerm extractEntry test/bad-context.js
107 silly gunzTarPerm extractEntry test/unwind.js
108 silly gunzTarPerm extractEntry test/future-exception.js
109 verbose write writing to /usr/local/lib/node_modules/fibers/package.json
110 info preinstall fibers@1.0.1
111 verbose readDependencies loading dependencies from /usr/local/lib/node_modules/fibers/package.json
112 verbose readDependencies loading dependencies from /usr/local/lib/node_modules/fibers/package.json
113 silly install resolved []
114 verbose about to build /usr/local/lib/node_modules/fibers
115 info build /usr/local/lib/node_modules/fibers
116 info linkStuff fibers@1.0.1
117 silly linkStuff fibers@1.0.1 has /usr/local/lib/node_modules as its parent node_modules
118 silly linkStuff fibers@1.0.1 is part of a global install
119 silly linkStuff fibers@1.0.1 is installed into a global node_modules
120 silly linkStuff fibers@1.0.1 is installed into the top-level global node_modules
121 verbose linkBins fibers@1.0.1
122 verbose linkMans fibers@1.0.1
123 verbose rebuildBundles fibers@1.0.1
124 info install fibers@1.0.1
125 verbose unsafe-perm in lifecycle false
126 info fibers@1.0.1 Failed to exec install script
127 verbose unlock done using /Users/lidofernandezburgos/.npm/_locks/fibers-fcbbd01f86cc2f9c.lock for /usr/local/lib/node_modules/fibers
128 verbose stack Error: fibers@1.0.1 install: `node ./build.js`
128 verbose stack Exit status 1
128 verbose stack     at EventEmitter.<anonymous> (/usr/local/lib/node_modules/npm/lib/utils/lifecycle.js:214:16)
128 verbose stack     at emitTwo (events.js:87:13)
128 verbose stack     at EventEmitter.emit (events.js:172:7)
128 verbose stack     at ChildProcess.<anonymous> (/usr/local/lib/node_modules/npm/lib/utils/spawn.js:24:14)
128 verbose stack     at emitTwo (events.js:87:13)
128 verbose stack     at ChildProcess.emit (events.js:172:7)
128 verbose stack     at maybeClose (internal/child_process.js:818:16)
128 verbose stack     at Process.ChildProcess._handle.onexit (internal/child_process.js:211:5)
129 verbose pkgid fibers@1.0.1
130 verbose cwd /Users/lidofernandezburgos/Dropbox/Front_End_Web_Projects/Projects/Meteor/dev/image_share
131 error Darwin 14.5.0
132 error argv "/usr/local/Cellar/node/4.2.1/bin/node" "/usr/local/bin/npm" "install" "fibers@1.0.1" "-g"
133 error node v4.2.1
134 error npm  v2.14.7
135 error code ELIFECYCLE
136 error fibers@1.0.1 install: `node ./build.js`
136 error Exit status 1
137 error Failed at the fibers@1.0.1 install script 'node ./build.js'.
137 error This is most likely a problem with the fibers package,
137 error not with npm itself.
137 error Tell the author that this fails on your system:
137 error     node ./build.js
137 error You can get their info via:
137 error     npm owner ls fibers
137 error There is likely additional logging output above.
138 verbose exit [ 1, true ]
139 verbose unbuild lib/node_modules/fibers
140 info preuninstall fibers@1.0.1
141 info uninstall fibers@1.0.1
142 verbose unbuild rmStuff fibers@1.0.1 from /usr/local/lib/node_modules
143 info postuninstall fibers@1.0.1
144 silly gentlyRm /usr/local/lib/node_modules/fibers is being purged from base /usr/local
145 verbose gentlyRm don't care about contents; nuking /usr/local/lib/node_modules/fibers
146 silly vacuum-fs purging /usr/local/lib/node_modules/fibers
147 silly vacuum-fs quitting because other entries in /usr/local/lib/node_modules
